The system is: Linux - 3.8.8 - x86_64
Compiling the C compiler identification source file "CMakeCCompilerId.c" succeeded.
Compiler: /usr/bin/cc 
Build flags: 
Id flags: 

The output was:
0


Compilation of the C compiler identification source "CMakeCCompilerId.c" produced "a.out"

The C compiler identification is GNU, found in "/home/jibbo/projects/plive/build/CMakeFiles/2.8.10.2/CompilerIdC/a.out"

Compiling the CXX compiler identification source file "CMakeCXXCompilerId.cpp" succeeded.
Compiler: /usr/bin/c++ 
Build flags: 
Id flags: 

The output was:
0


Compilation of the CXX compiler identification source "CMakeCXXCompilerId.cpp" produced "a.out"

The CXX compiler identification is GNU, found in "/home/jibbo/projects/plive/build/CMakeFiles/2.8.10.2/CompilerIdCXX/a.out"

Determining if the C compiler works passed with the following output:
Change Dir: /home/jibbo/projects/plive/build/CMakeFiles/CMakeTmp

Run Build Command:/usr/bin/gmake "cmTryCompileExec3682894341/fast"
/usr/bin/gmake -f CMakeFiles/cmTryCompileExec3682894341.dir/build.make CMakeFiles/cmTryCompileExec3682894341.dir/build
gmake[1]: Entering directory `/home/jibbo/projects/plive/build/CMakeFiles/CMakeTmp'
/usr/bin/cmake -E cmake_progress_report /home/jibbo/projects/plive/build/CMakeFiles/CMakeTmp/CMakeFiles 1
Building C object CMakeFiles/cmTryCompileExec3682894341.dir/testCCompiler.c.o
/usr/bin/cc    -o CMakeFiles/cmTryCompileExec3682894341.dir/testCCompiler.c.o   -c /home/jibbo/projects/plive/build/CMakeFiles/CMakeTmp/testCCompiler.c
Linking C executable cmTryCompileExec3682894341
/usr/bin/cmake -E cmake_link_script CMakeFiles/cmTryCompileExec3682894341.dir/link.txt --verbose=1
/usr/bin/cc         CMakeFiles/cmTryCompileExec3682894341.dir/testCCompiler.c.o  -o cmTryCompileExec3682894341 -rdynamic 
gmake[1]: Leaving directory `/home/jibbo/projects/plive/build/CMakeFiles/CMakeTmp'


Detecting C compiler ABI info compiled with the following output:
Change Dir: /home/jibbo/projects/plive/build/CMakeFiles/CMakeTmp

Run Build Command:/usr/bin/gmake "cmTryCompileExec753884133/fast"
/usr/bin/gmake -f CMakeFiles/cmTryCompileExec753884133.dir/build.make CMakeFiles/cmTryCompileExec753884133.dir/build
gmake[1]: Entering directory `/home/jibbo/projects/plive/build/CMakeFiles/CMakeTmp'
/usr/bin/cmake -E cmake_progress_report /home/jibbo/projects/plive/build/CMakeFiles/CMakeTmp/CMakeFiles 1
Building C object CMakeFiles/cmTryCompileExec753884133.dir/CMakeCCompilerABI.c.o
/usr/bin/cc    -o CMakeFiles/cmTryCompileExec753884133.dir/CMakeCCompilerABI.c.o   -c /usr/share/cmake-2.8/Modules/CMakeCCompilerABI.c
Linking C executable cmTryCompileExec753884133
/usr/bin/cmake -E cmake_link_script CMakeFiles/cmTryCompileExec753884133.dir/link.txt --verbose=1
/usr/bin/cc       -v CMakeFiles/cmTryCompileExec753884133.dir/CMakeCCompilerABI.c.o  -o cmTryCompileExec753884133 -rdynamic  
Reading specs from /usr/lib64/gcc/x86_64-slackware-linux/4.8.0/specs
COLLECT_GCC=/usr/bin/cc
COLLECT_LTO_WRAPPER=/usr/libexec/gcc/x86_64-slackware-linux/4.8.0/lto-wrapper
Target: x86_64-slackware-linux
Configured with: ../gcc-4.8.0/configure --prefix=/usr --libdir=/usr/lib64 --mandir=/usr/man --infodir=/usr/info --enable-shared --enable-bootstrap --enable-languages=ada,c,c++,fortran,go,java,lto,objc --enable-threads=posix --enable-checking=release --enable-objc-gc --with-system-zlib --with-python-dir=/lib64/python2.7/site-packages --disable-libunwind-exceptions --enable-__cxa_atexit --enable-libssp --enable-lto --with-gnu-ld --verbose --enable-java-home --with-java-home=/usr/lib64/jvm/jre --with-jvm-root-dir=/usr/lib64/jvm --with-jvm-jar-dir=/usr/lib64/jvm/jvm-exports --with-arch-directory=amd64 --with-antlr-jar=/root/slackware64-current/source/d/gcc/antlr-runtime-3.4.jar --enable-java-awt=gtk --disable-gtktest --disable-multilib --target=x86_64-slackware-linux --build=x86_64-slackware-linux --host=x86_64-slackware-linux
Thread model: posix
gcc version 4.8.0 (GCC) 
COMPILER_PATH=/usr/libexec/gcc/x86_64-slackware-linux/4.8.0/:/usr/libexec/gcc/x86_64-slackware-linux/4.8.0/:/usr/libexec/gcc/x86_64-slackware-linux/:/usr/lib64/gcc/x86_64-slackware-linux/4.8.0/:/usr/lib64/gcc/x86_64-slackware-linux/:/usr/lib64/gcc/x86_64-slackware-linux/4.8.0/../../../../x86_64-slackware-linux/bin/
LIBRARY_PATH=/usr/lib64/gcc/x86_64-slackware-linux/4.8.0/:/usr/lib64/gcc/x86_64-slackware-linux/4.8.0/../../../../lib64/:/lib/../lib64/:/usr/lib/../lib64/:/usr/lib64/gcc/x86_64-slackware-linux/4.8.0/../../../../x86_64-slackware-linux/lib/:/usr/lib64/gcc/x86_64-slackware-linux/4.8.0/../../../:/lib/:/usr/lib/
COLLECT_GCC_OPTIONS='-v' '-o' 'cmTryCompileExec753884133' '-rdynamic' '-mtune=generic' '-march=x86-64'
 /usr/libexec/gcc/x86_64-slackware-linux/4.8.0/collect2 --eh-frame-hdr -m elf_x86_64 -export-dynamic -dynamic-linker /lib64/ld-linux-x86-64.so.2 -o cmTryCompileExec753884133 /usr/lib64/gcc/x86_64-slackware-linux/4.8.0/../../../../lib64/crt1.o /usr/lib64/gcc/x86_64-slackware-linux/4.8.0/../../../../lib64/crti.o /usr/lib64/gcc/x86_64-slackware-linux/4.8.0/crtbegin.o -L/usr/lib64/gcc/x86_64-slackware-linux/4.8.0 -L/usr/lib64/gcc/x86_64-slackware-linux/4.8.0/../../../../lib64 -L/lib/../lib64 -L/usr/lib/../lib64 -L/usr/lib64/gcc/x86_64-slackware-linux/4.8.0/../../../../x86_64-slackware-linux/lib -L/usr/lib64/gcc/x86_64-slackware-linux/4.8.0/../../.. CMakeFiles/cmTryCompileExec753884133.dir/CMakeCCompilerABI.c.o -lgcc --as-needed -lgcc_s --no-as-needed -lc -lgcc --as-needed -lgcc_s --no-as-needed /usr/lib64/gcc/x86_64-slackware-linux/4.8.0/crtend.o /usr/lib64/gcc/x86_64-slackware-linux/4.8.0/../../../../lib64/crtn.o
gmake[1]: Leaving directory `/home/jibbo/projects/plive/build/CMakeFiles/CMakeTmp'


Parsed C implicit link information from above output:
  link line regex: [^( *|.*[/\])(ld|ld|collect2)[^/\]*( |$)]
  ignore line: [Change Dir: /home/jibbo/projects/plive/build/CMakeFiles/CMakeTmp]
  ignore line: []
  ignore line: [Run Build Command:/usr/bin/gmake "cmTryCompileExec753884133/fast"]
  ignore line: [/usr/bin/gmake -f CMakeFiles/cmTryCompileExec753884133.dir/build.make CMakeFiles/cmTryCompileExec753884133.dir/build]
  ignore line: [gmake[1]: Entering directory `/home/jibbo/projects/plive/build/CMakeFiles/CMakeTmp']
  ignore line: [/usr/bin/cmake -E cmake_progress_report /home/jibbo/projects/plive/build/CMakeFiles/CMakeTmp/CMakeFiles 1]
  ignore line: [Building C object CMakeFiles/cmTryCompileExec753884133.dir/CMakeCCompilerABI.c.o]
  ignore line: [/usr/bin/cc    -o CMakeFiles/cmTryCompileExec753884133.dir/CMakeCCompilerABI.c.o   -c /usr/share/cmake-2.8/Modules/CMakeCCompilerABI.c]
  ignore line: [Linking C executable cmTryCompileExec753884133]
  ignore line: [/usr/bin/cmake -E cmake_link_script CMakeFiles/cmTryCompileExec753884133.dir/link.txt --verbose=1]
  ignore line: [/usr/bin/cc       -v CMakeFiles/cmTryCompileExec753884133.dir/CMakeCCompilerABI.c.o  -o cmTryCompileExec753884133 -rdynamic  ]
  ignore line: [Reading specs from /usr/lib64/gcc/x86_64-slackware-linux/4.8.0/specs]
  ignore line: [COLLECT_GCC=/usr/bin/cc]
  ignore line: [COLLECT_LTO_WRAPPER=/usr/libexec/gcc/x86_64-slackware-linux/4.8.0/lto-wrapper]
  ignore line: [Target: x86_64-slackware-linux]
  ignore line: [Configured with: ../gcc-4.8.0/configure --prefix=/usr --libdir=/usr/lib64 --mandir=/usr/man --infodir=/usr/info --enable-shared --enable-bootstrap --enable-languages=ada,c,c++,fortran,go,java,lto,objc --enable-threads=posix --enable-checking=release --enable-objc-gc --with-system-zlib --with-python-dir=/lib64/python2.7/site-packages --disable-libunwind-exceptions --enable-__cxa_atexit --enable-libssp --enable-lto --with-gnu-ld --verbose --enable-java-home --with-java-home=/usr/lib64/jvm/jre --with-jvm-root-dir=/usr/lib64/jvm --with-jvm-jar-dir=/usr/lib64/jvm/jvm-exports --with-arch-directory=amd64 --with-antlr-jar=/root/slackware64-current/source/d/gcc/antlr-runtime-3.4.jar --enable-java-awt=gtk --disable-gtktest --disable-multilib --target=x86_64-slackware-linux --build=x86_64-slackware-linux --host=x86_64-slackware-linux]
  ignore line: [Thread model: posix]
  ignore line: [gcc version 4.8.0 (GCC) ]
  ignore line: [COMPILER_PATH=/usr/libexec/gcc/x86_64-slackware-linux/4.8.0/:/usr/libexec/gcc/x86_64-slackware-linux/4.8.0/:/usr/libexec/gcc/x86_64-slackware-linux/:/usr/lib64/gcc/x86_64-slackware-linux/4.8.0/:/usr/lib64/gcc/x86_64-slackware-linux/:/usr/lib64/gcc/x86_64-slackware-linux/4.8.0/../../../../x86_64-slackware-linux/bin/]
  ignore line: [LIBRARY_PATH=/usr/lib64/gcc/x86_64-slackware-linux/4.8.0/:/usr/lib64/gcc/x86_64-slackware-linux/4.8.0/../../../../lib64/:/lib/../lib64/:/usr/lib/../lib64/:/usr/lib64/gcc/x86_64-slackware-linux/4.8.0/../../../../x86_64-slackware-linux/lib/:/usr/lib64/gcc/x86_64-slackware-linux/4.8.0/../../../:/lib/:/usr/lib/]
  ignore line: [COLLECT_GCC_OPTIONS='-v' '-o' 'cmTryCompileExec753884133' '-rdynamic' '-mtune=generic' '-march=x86-64']
  link line: [ /usr/libexec/gcc/x86_64-slackware-linux/4.8.0/collect2 --eh-frame-hdr -m elf_x86_64 -export-dynamic -dynamic-linker /lib64/ld-linux-x86-64.so.2 -o cmTryCompileExec753884133 /usr/lib64/gcc/x86_64-slackware-linux/4.8.0/../../../../lib64/crt1.o /usr/lib64/gcc/x86_64-slackware-linux/4.8.0/../../../../lib64/crti.o /usr/lib64/gcc/x86_64-slackware-linux/4.8.0/crtbegin.o -L/usr/lib64/gcc/x86_64-slackware-linux/4.8.0 -L/usr/lib64/gcc/x86_64-slackware-linux/4.8.0/../../../../lib64 -L/lib/../lib64 -L/usr/lib/../lib64 -L/usr/lib64/gcc/x86_64-slackware-linux/4.8.0/../../../../x86_64-slackware-linux/lib -L/usr/lib64/gcc/x86_64-slackware-linux/4.8.0/../../.. CMakeFiles/cmTryCompileExec753884133.dir/CMakeCCompilerABI.c.o -lgcc --as-needed -lgcc_s --no-as-needed -lc -lgcc --as-needed -lgcc_s --no-as-needed /usr/lib64/gcc/x86_64-slackware-linux/4.8.0/crtend.o /usr/lib64/gcc/x86_64-slackware-linux/4.8.0/../../../../lib64/crtn.o]
    arg [/usr/libexec/gcc/x86_64-slackware-linux/4.8.0/collect2] ==> ignore
    arg [--eh-frame-hdr] ==> ignore
    arg [-m] ==> ignore
    arg [elf_x86_64] ==> ignore
    arg [-export-dynamic] ==> ignore
    arg [-dynamic-linker] ==> ignore
    arg [/lib64/ld-linux-x86-64.so.2] ==> ignore
    arg [-o] ==> ignore
    arg [cmTryCompileExec753884133] ==> ignore
    arg [/usr/lib64/gcc/x86_64-slackware-linux/4.8.0/../../../../lib64/crt1.o] ==> ignore
    arg [/usr/lib64/gcc/x86_64-slackware-linux/4.8.0/../../../../lib64/crti.o] ==> ignore
    arg [/usr/lib64/gcc/x86_64-slackware-linux/4.8.0/crtbegin.o] ==> ignore
    arg [-L/usr/lib64/gcc/x86_64-slackware-linux/4.8.0] ==> dir [/usr/lib64/gcc/x86_64-slackware-linux/4.8.0]
    arg [-L/usr/lib64/gcc/x86_64-slackware-linux/4.8.0/../../../../lib64] ==> dir [/usr/lib64/gcc/x86_64-slackware-linux/4.8.0/../../../../lib64]
    arg [-L/lib/../lib64] ==> dir [/lib/../lib64]
    arg [-L/usr/lib/../lib64] ==> dir [/usr/lib/../lib64]
    arg [-L/usr/lib64/gcc/x86_64-slackware-linux/4.8.0/../../../../x86_64-slackware-linux/lib] ==> dir [/usr/lib64/gcc/x86_64-slackware-linux/4.8.0/../../../../x86_64-slackware-linux/lib]
    arg [-L/usr/lib64/gcc/x86_64-slackware-linux/4.8.0/../../..] ==> dir [/usr/lib64/gcc/x86_64-slackware-linux/4.8.0/../../..]
    arg [CMakeFiles/cmTryCompileExec753884133.dir/CMakeCCompilerABI.c.o] ==> ignore
    arg [-lgcc] ==> lib [gcc]
    arg [--as-needed] ==> ignore
    arg [-lgcc_s] ==> lib [gcc_s]
    arg [--no-as-needed] ==> ignore
    arg [-lc] ==> lib [c]
    arg [-lgcc] ==> lib [gcc]
    arg [--as-needed] ==> ignore
    arg [-lgcc_s] ==> lib [gcc_s]
    arg [--no-as-needed] ==> ignore
    arg [/usr/lib64/gcc/x86_64-slackware-linux/4.8.0/crtend.o] ==> ignore
    arg [/usr/lib64/gcc/x86_64-slackware-linux/4.8.0/../../../../lib64/crtn.o] ==> ignore
  remove lib [gcc]
  remove lib [gcc_s]
  remove lib [gcc]
  remove lib [gcc_s]
  collapse dir [/usr/lib64/gcc/x86_64-slackware-linux/4.8.0] ==> [/usr/lib64/gcc/x86_64-slackware-linux/4.8.0]
  collapse dir [/usr/lib64/gcc/x86_64-slackware-linux/4.8.0/../../../../lib64] ==> [/usr/lib64]
  collapse dir [/lib/../lib64] ==> [/lib64]
  collapse dir [/usr/lib/../lib64] ==> [/usr/lib64]
  collapse dir [/usr/lib64/gcc/x86_64-slackware-linux/4.8.0/../../../../x86_64-slackware-linux/lib] ==> [/usr/x86_64-slackware-linux/lib]
  collapse dir [/usr/lib64/gcc/x86_64-slackware-linux/4.8.0/../../..] ==> [/usr/lib64]
  implicit libs: [c]
  implicit dirs: [/usr/lib64/gcc/x86_64-slackware-linux/4.8.0;/usr/lib64;/lib64;/usr/x86_64-slackware-linux/lib]


Determining if the CXX compiler works passed with the following output:
Change Dir: /home/jibbo/projects/plive/build/CMakeFiles/CMakeTmp

Run Build Command:/usr/bin/gmake "cmTryCompileExec1239947115/fast"
/usr/bin/gmake -f CMakeFiles/cmTryCompileExec1239947115.dir/build.make CMakeFiles/cmTryCompileExec1239947115.dir/build
gmake[1]: Entering directory `/home/jibbo/projects/plive/build/CMakeFiles/CMakeTmp'
/usr/bin/cmake -E cmake_progress_report /home/jibbo/projects/plive/build/CMakeFiles/CMakeTmp/CMakeFiles 1
Building CXX object CMakeFiles/cmTryCompileExec1239947115.dir/testCXXCompiler.cxx.o
/usr/bin/c++     -o CMakeFiles/cmTryCompileExec1239947115.dir/testCXXCompiler.cxx.o -c /home/jibbo/projects/plive/build/CMakeFiles/CMakeTmp/testCXXCompiler.cxx
Linking CXX executable cmTryCompileExec1239947115
/usr/bin/cmake -E cmake_link_script CMakeFiles/cmTryCompileExec1239947115.dir/link.txt --verbose=1
/usr/bin/c++          CMakeFiles/cmTryCompileExec1239947115.dir/testCXXCompiler.cxx.o  -o cmTryCompileExec1239947115 -rdynamic 
gmake[1]: Leaving directory `/home/jibbo/projects/plive/build/CMakeFiles/CMakeTmp'


Detecting CXX compiler ABI info compiled with the following output:
Change Dir: /home/jibbo/projects/plive/build/CMakeFiles/CMakeTmp

Run Build Command:/usr/bin/gmake "cmTryCompileExec2543338777/fast"
/usr/bin/gmake -f CMakeFiles/cmTryCompileExec2543338777.dir/build.make CMakeFiles/cmTryCompileExec2543338777.dir/build
gmake[1]: Entering directory `/home/jibbo/projects/plive/build/CMakeFiles/CMakeTmp'
/usr/bin/cmake -E cmake_progress_report /home/jibbo/projects/plive/build/CMakeFiles/CMakeTmp/CMakeFiles 1
Building CXX object CMakeFiles/cmTryCompileExec2543338777.dir/CMakeCXXCompilerABI.cpp.o
/usr/bin/c++     -o CMakeFiles/cmTryCompileExec2543338777.dir/CMakeCXXCompilerABI.cpp.o -c /usr/share/cmake-2.8/Modules/CMakeCXXCompilerABI.cpp
Linking CXX executable cmTryCompileExec2543338777
/usr/bin/cmake -E cmake_link_script CMakeFiles/cmTryCompileExec2543338777.dir/link.txt --verbose=1
/usr/bin/c++        -v CMakeFiles/cmTryCompileExec2543338777.dir/CMakeCXXCompilerABI.cpp.o  -o cmTryCompileExec2543338777 -rdynamic  
Reading specs from /usr/lib64/gcc/x86_64-slackware-linux/4.8.0/specs
COLLECT_GCC=/usr/bin/c++
COLLECT_LTO_WRAPPER=/usr/libexec/gcc/x86_64-slackware-linux/4.8.0/lto-wrapper
Target: x86_64-slackware-linux
Configured with: ../gcc-4.8.0/configure --prefix=/usr --libdir=/usr/lib64 --mandir=/usr/man --infodir=/usr/info --enable-shared --enable-bootstrap --enable-languages=ada,c,c++,fortran,go,java,lto,objc --enable-threads=posix --enable-checking=release --enable-objc-gc --with-system-zlib --with-python-dir=/lib64/python2.7/site-packages --disable-libunwind-exceptions --enable-__cxa_atexit --enable-libssp --enable-lto --with-gnu-ld --verbose --enable-java-home --with-java-home=/usr/lib64/jvm/jre --with-jvm-root-dir=/usr/lib64/jvm --with-jvm-jar-dir=/usr/lib64/jvm/jvm-exports --with-arch-directory=amd64 --with-antlr-jar=/home/slackware/slackbuilds/gcc/antlr-runtime-3.4.jar --enable-multilib --target=x86_64-slackware-linux --build=x86_64-slackware-linux --host=x86_64-slackware-linux
Thread model: posix
gcc version 4.8.0 (GCC) 
COMPILER_PATH=/usr/libexec/gcc/x86_64-slackware-linux/4.8.0/:/usr/libexec/gcc/x86_64-slackware-linux/4.8.0/:/usr/libexec/gcc/x86_64-slackware-linux/:/usr/lib64/gcc/x86_64-slackware-linux/4.8.0/:/usr/lib64/gcc/x86_64-slackware-linux/:/usr/lib64/gcc/x86_64-slackware-linux/4.8.0/../../../../x86_64-slackware-linux/bin/
LIBRARY_PATH=/usr/lib64/gcc/x86_64-slackware-linux/4.8.0/:/usr/lib64/gcc/x86_64-slackware-linux/4.8.0/../../../../lib64/:/lib/../lib64/:/usr/lib/../lib64/:/usr/lib64/gcc/x86_64-slackware-linux/4.8.0/../../../../x86_64-slackware-linux/lib/:/usr/lib64/gcc/x86_64-slackware-linux/4.8.0/../../../:/lib/:/usr/lib/
COLLECT_GCC_OPTIONS='-v' '-o' 'cmTryCompileExec2543338777' '-rdynamic' '-shared-libgcc' '-mtune=generic' '-march=x86-64'
 /usr/libexec/gcc/x86_64-slackware-linux/4.8.0/collect2 --eh-frame-hdr -m elf_x86_64 -export-dynamic -dynamic-linker /lib64/ld-linux-x86-64.so.2 -o cmTryCompileExec2543338777 /usr/lib64/gcc/x86_64-slackware-linux/4.8.0/../../../../lib64/crt1.o /usr/lib64/gcc/x86_64-slackware-linux/4.8.0/../../../../lib64/crti.o /usr/lib64/gcc/x86_64-slackware-linux/4.8.0/crtbegin.o -L/usr/lib64/gcc/x86_64-slackware-linux/4.8.0 -L/usr/lib64/gcc/x86_64-slackware-linux/4.8.0/../../../../lib64 -L/lib/../lib64 -L/usr/lib/../lib64 -L/usr/lib64/gcc/x86_64-slackware-linux/4.8.0/../../../../x86_64-slackware-linux/lib -L/usr/lib64/gcc/x86_64-slackware-linux/4.8.0/../../.. CMakeFiles/cmTryCompileExec2543338777.dir/CMakeCXXCompilerABI.cpp.o -lstdc++ -lm -lgcc_s -lgcc -lc -lgcc_s -lgcc /usr/lib64/gcc/x86_64-slackware-linux/4.8.0/crtend.o /usr/lib64/gcc/x86_64-slackware-linux/4.8.0/../../../../lib64/crtn.o
gmake[1]: Leaving directory `/home/jibbo/projects/plive/build/CMakeFiles/CMakeTmp'


Parsed CXX implicit link information from above output:
  link line regex: [^( *|.*[/\])(ld|ld|collect2)[^/\]*( |$)]
  ignore line: [Change Dir: /home/jibbo/projects/plive/build/CMakeFiles/CMakeTmp]
  ignore line: []
  ignore line: [Run Build Command:/usr/bin/gmake "cmTryCompileExec2543338777/fast"]
  ignore line: [/usr/bin/gmake -f CMakeFiles/cmTryCompileExec2543338777.dir/build.make CMakeFiles/cmTryCompileExec2543338777.dir/build]
  ignore line: [gmake[1]: Entering directory `/home/jibbo/projects/plive/build/CMakeFiles/CMakeTmp']
  ignore line: [/usr/bin/cmake -E cmake_progress_report /home/jibbo/projects/plive/build/CMakeFiles/CMakeTmp/CMakeFiles 1]
  ignore line: [Building CXX object CMakeFiles/cmTryCompileExec2543338777.dir/CMakeCXXCompilerABI.cpp.o]
  ignore line: [/usr/bin/c++     -o CMakeFiles/cmTryCompileExec2543338777.dir/CMakeCXXCompilerABI.cpp.o -c /usr/share/cmake-2.8/Modules/CMakeCXXCompilerABI.cpp]
  ignore line: [Linking CXX executable cmTryCompileExec2543338777]
  ignore line: [/usr/bin/cmake -E cmake_link_script CMakeFiles/cmTryCompileExec2543338777.dir/link.txt --verbose=1]
  ignore line: [/usr/bin/c++        -v CMakeFiles/cmTryCompileExec2543338777.dir/CMakeCXXCompilerABI.cpp.o  -o cmTryCompileExec2543338777 -rdynamic  ]
  ignore line: [Reading specs from /usr/lib64/gcc/x86_64-slackware-linux/4.8.0/specs]
  ignore line: [COLLECT_GCC=/usr/bin/c++]
  ignore line: [COLLECT_LTO_WRAPPER=/usr/libexec/gcc/x86_64-slackware-linux/4.8.0/lto-wrapper]
  ignore line: [Target: x86_64-slackware-linux]
  ignore line: [Configured with: ../gcc-4.8.0/configure --prefix=/usr --libdir=/usr/lib64 --mandir=/usr/man --infodir=/usr/info --enable-shared --enable-bootstrap --enable-languages=ada,c,c++,fortran,go,java,lto,objc --enable-threads=posix --enable-checking=release --enable-objc-gc --with-system-zlib --with-python-dir=/lib64/python2.7/site-packages --disable-libunwind-exceptions --enable-__cxa_atexit --enable-libssp --enable-lto --with-gnu-ld --verbose --enable-java-home --with-java-home=/usr/lib64/jvm/jre --with-jvm-root-dir=/usr/lib64/jvm --with-jvm-jar-dir=/usr/lib64/jvm/jvm-exports --with-arch-directory=amd64 --with-antlr-jar=/home/slackware/slackbuilds/gcc/antlr-runtime-3.4.jar --enable-multilib --target=x86_64-slackware-linux --build=x86_64-slackware-linux --host=x86_64-slackware-linux]
  ignore line: [Thread model: posix]
  ignore line: [gcc version 4.8.0 (GCC) ]
  ignore line: [COMPILER_PATH=/usr/libexec/gcc/x86_64-slackware-linux/4.8.0/:/usr/libexec/gcc/x86_64-slackware-linux/4.8.0/:/usr/libexec/gcc/x86_64-slackware-linux/:/usr/lib64/gcc/x86_64-slackware-linux/4.8.0/:/usr/lib64/gcc/x86_64-slackware-linux/:/usr/lib64/gcc/x86_64-slackware-linux/4.8.0/../../../../x86_64-slackware-linux/bin/]
  ignore line: [LIBRARY_PATH=/usr/lib64/gcc/x86_64-slackware-linux/4.8.0/:/usr/lib64/gcc/x86_64-slackware-linux/4.8.0/../../../../lib64/:/lib/../lib64/:/usr/lib/../lib64/:/usr/lib64/gcc/x86_64-slackware-linux/4.8.0/../../../../x86_64-slackware-linux/lib/:/usr/lib64/gcc/x86_64-slackware-linux/4.8.0/../../../:/lib/:/usr/lib/]
  ignore line: [COLLECT_GCC_OPTIONS='-v' '-o' 'cmTryCompileExec2543338777' '-rdynamic' '-shared-libgcc' '-mtune=generic' '-march=x86-64']
  link line: [ /usr/libexec/gcc/x86_64-slackware-linux/4.8.0/collect2 --eh-frame-hdr -m elf_x86_64 -export-dynamic -dynamic-linker /lib64/ld-linux-x86-64.so.2 -o cmTryCompileExec2543338777 /usr/lib64/gcc/x86_64-slackware-linux/4.8.0/../../../../lib64/crt1.o /usr/lib64/gcc/x86_64-slackware-linux/4.8.0/../../../../lib64/crti.o /usr/lib64/gcc/x86_64-slackware-linux/4.8.0/crtbegin.o -L/usr/lib64/gcc/x86_64-slackware-linux/4.8.0 -L/usr/lib64/gcc/x86_64-slackware-linux/4.8.0/../../../../lib64 -L/lib/../lib64 -L/usr/lib/../lib64 -L/usr/lib64/gcc/x86_64-slackware-linux/4.8.0/../../../../x86_64-slackware-linux/lib -L/usr/lib64/gcc/x86_64-slackware-linux/4.8.0/../../.. CMakeFiles/cmTryCompileExec2543338777.dir/CMakeCXXCompilerABI.cpp.o -lstdc++ -lm -lgcc_s -lgcc -lc -lgcc_s -lgcc /usr/lib64/gcc/x86_64-slackware-linux/4.8.0/crtend.o /usr/lib64/gcc/x86_64-slackware-linux/4.8.0/../../../../lib64/crtn.o]
    arg [/usr/libexec/gcc/x86_64-slackware-linux/4.8.0/collect2] ==> ignore
    arg [--eh-frame-hdr] ==> ignore
    arg [-m] ==> ignore
    arg [elf_x86_64] ==> ignore
    arg [-export-dynamic] ==> ignore
    arg [-dynamic-linker] ==> ignore
    arg [/lib64/ld-linux-x86-64.so.2] ==> ignore
    arg [-o] ==> ignore
    arg [cmTryCompileExec2543338777] ==> ignore
    arg [/usr/lib64/gcc/x86_64-slackware-linux/4.8.0/../../../../lib64/crt1.o] ==> ignore
    arg [/usr/lib64/gcc/x86_64-slackware-linux/4.8.0/../../../../lib64/crti.o] ==> ignore
    arg [/usr/lib64/gcc/x86_64-slackware-linux/4.8.0/crtbegin.o] ==> ignore
    arg [-L/usr/lib64/gcc/x86_64-slackware-linux/4.8.0] ==> dir [/usr/lib64/gcc/x86_64-slackware-linux/4.8.0]
    arg [-L/usr/lib64/gcc/x86_64-slackware-linux/4.8.0/../../../../lib64] ==> dir [/usr/lib64/gcc/x86_64-slackware-linux/4.8.0/../../../../lib64]
    arg [-L/lib/../lib64] ==> dir [/lib/../lib64]
    arg [-L/usr/lib/../lib64] ==> dir [/usr/lib/../lib64]
    arg [-L/usr/lib64/gcc/x86_64-slackware-linux/4.8.0/../../../../x86_64-slackware-linux/lib] ==> dir [/usr/lib64/gcc/x86_64-slackware-linux/4.8.0/../../../../x86_64-slackware-linux/lib]
    arg [-L/usr/lib64/gcc/x86_64-slackware-linux/4.8.0/../../..] ==> dir [/usr/lib64/gcc/x86_64-slackware-linux/4.8.0/../../..]
    arg [CMakeFiles/cmTryCompileExec2543338777.dir/CMakeCXXCompilerABI.cpp.o] ==> ignore
    arg [-lstdc++] ==> lib [stdc++]
    arg [-lm] ==> lib [m]
    arg [-lgcc_s] ==> lib [gcc_s]
    arg [-lgcc] ==> lib [gcc]
    arg [-lc] ==> lib [c]
    arg [-lgcc_s] ==> lib [gcc_s]
    arg [-lgcc] ==> lib [gcc]
    arg [/usr/lib64/gcc/x86_64-slackware-linux/4.8.0/crtend.o] ==> ignore
    arg [/usr/lib64/gcc/x86_64-slackware-linux/4.8.0/../../../../lib64/crtn.o] ==> ignore
  remove lib [gcc_s]
  remove lib [gcc]
  remove lib [gcc_s]
  remove lib [gcc]
  collapse dir [/usr/lib64/gcc/x86_64-slackware-linux/4.8.0] ==> [/usr/lib64/gcc/x86_64-slackware-linux/4.8.0]
  collapse dir [/usr/lib64/gcc/x86_64-slackware-linux/4.8.0/../../../../lib64] ==> [/usr/lib64]
  collapse dir [/lib/../lib64] ==> [/lib64]
  collapse dir [/usr/lib/../lib64] ==> [/usr/lib64]
  collapse dir [/usr/lib64/gcc/x86_64-slackware-linux/4.8.0/../../../../x86_64-slackware-linux/lib] ==> [/usr/x86_64-slackware-linux/lib]
  collapse dir [/usr/lib64/gcc/x86_64-slackware-linux/4.8.0/../../..] ==> [/usr/lib64]
  implicit libs: [stdc++;m;c]
  implicit dirs: [/usr/lib64/gcc/x86_64-slackware-linux/4.8.0;/usr/lib64;/lib64;/usr/x86_64-slackware-linux/lib]


